Analysis & Synthesis report for VGA-Controller
Sun Apr  6 12:29:00 2025
Quartus Prime Version 24.1std.0 Build 1077 03/04/2025 SC Lite Edition


---------------------
; Table of Contents ;
---------------------
  1. Legal Notice
  2. Analysis & Synthesis Summary
  3. Analysis & Synthesis Settings
  4. Parallel Compilation
  5. Analysis & Synthesis Source Files Read
  6. Analysis & Synthesis Resource Usage Summary
  7. Analysis & Synthesis Resource Utilization by Entity
  8. Analysis & Synthesis RAM Summary
  9. Registers Removed During Synthesis
 10. General Register Statistics
 11. Registers Packed Into Inferred Megafunctions
 12. Source assignments for frame_buffer:fb|altsyncram:memory_rtl_0|altsyncram_dcp1:auto_generated
 13. Parameter Settings for User Entity Instance: frame_buffer:fb
 14. Parameter Settings for Inferred Entity Instance: frame_buffer:fb|altsyncram:memory_rtl_0
 15. altsyncram Parameter Settings by Entity Instance
 16. Port Connectivity Checks: "vga_sync:sync_unit"
 17. Post-Synthesis Netlist Statistics for Top Partition
 18. Elapsed Time Per Partition
 19. Analysis & Synthesis Messages



----------------
; Legal Notice ;
----------------
Copyright (C) 2025  Altera Corporation. All rights reserved.
Your use of Altera Corporation's design tools, logic functions 
and other software and tools, and any partner logic 
functions, and any output files from any of the foregoing 
(including device programming or simulation files), and any 
associated documentation or information are expressly subject 
to the terms and conditions of the Altera Program License 
Subscription Agreement, the Altera Quartus Prime License Agreement,
the Altera IP License Agreement, or other applicable license
agreement, including, without limitation, that your use is for
the sole purpose of programming logic devices manufactured by
Altera and sold by Altera or its authorized distributors.  Please
refer to the Altera Software License Subscription Agreements 
on the Quartus Prime software download page.



+-----------------------------------------------------------------------------------+
; Analysis & Synthesis Summary                                                      ;
+---------------------------------+-------------------------------------------------+
; Analysis & Synthesis Status     ; Successful - Sun Apr  6 12:29:00 2025           ;
; Quartus Prime Version           ; 24.1std.0 Build 1077 03/04/2025 SC Lite Edition ;
; Revision Name                   ; VGA-Controller                                  ;
; Top-level Entity Name           ; vga_top                                         ;
; Family                          ; Cyclone V                                       ;
; Logic utilization (in ALMs)     ; N/A                                             ;
; Total registers                 ; 41                                              ;
; Total pins                      ; 42                                              ;
; Total virtual pins              ; 0                                               ;
; Total block memory bits         ; 6,291,456                                       ;
; Total DSP Blocks                ; 0                                               ;
; Total HSSI RX PCSs              ; 0                                               ;
; Total HSSI PMA RX Deserializers ; 0                                               ;
; Total HSSI TX PCSs              ; 0                                               ;
; Total HSSI PMA TX Serializers   ; 0                                               ;
; Total PLLs                      ; 0                                               ;
; Total DLLs                      ; 0                                               ;
+---------------------------------+-------------------------------------------------+


+---------------------------------------------------------------------------------------------------------------------------+
; Analysis & Synthesis Settings                                                                                             ;
+---------------------------------------------------------------------------------+--------------------+--------------------+
; Option                                                                          ; Setting            ; Default Value      ;
+---------------------------------------------------------------------------------+--------------------+--------------------+
; Device                                                                          ; 5CGXFC7C7F23C8     ;                    ;
; Top-level entity name                                                           ; vga_top            ; VGA-Controller     ;
; Family name                                                                     ; Cyclone V          ; Cyclone V          ;
; VHDL Show LMF Mapping Messages                                                  ; Off                ;                    ;
; VHDL Version                                                                    ; VHDL_2008          ; VHDL_1993          ;
; Use smart compilation                                                           ; Off                ; Off                ;
; Enable parallel Assembler and Timing Analyzer during compilation                ; On                 ; On                 ;
; Enable compact report table                                                     ; Off                ; Off                ;
; Restructure Multiplexers                                                        ; Auto               ; Auto               ;
; MLAB Add Timing Constraints For Mixed-Port Feed-Through Mode Setting Don't Care ; Off                ; Off                ;
; Create Debugging Nodes for IP Cores                                             ; Off                ; Off                ;
; Preserve fewer node names                                                       ; On                 ; On                 ;
; Intel FPGA IP Evaluation Mode                                                   ; Enable             ; Enable             ;
; Verilog Version                                                                 ; Verilog_2001       ; Verilog_2001       ;
; State Machine Processing                                                        ; Auto               ; Auto               ;
; Safe State Machine                                                              ; Off                ; Off                ;
; Extract Verilog State Machines                                                  ; On                 ; On                 ;
; Extract VHDL State Machines                                                     ; On                 ; On                 ;
; Ignore Verilog initial constructs                                               ; Off                ; Off                ;
; Iteration limit for constant Verilog loops                                      ; 5000               ; 5000               ;
; Iteration limit for non-constant Verilog loops                                  ; 250                ; 250                ;
; Add Pass-Through Logic to Inferred RAMs                                         ; On                 ; On                 ;
; Infer RAMs from Raw Logic                                                       ; On                 ; On                 ;
; Parallel Synthesis                                                              ; On                 ; On                 ;
; DSP Block Balancing                                                             ; Auto               ; Auto               ;
; NOT Gate Push-Back                                                              ; On                 ; On                 ;
; Power-Up Don't Care                                                             ; On                 ; On                 ;
; Remove Redundant Logic Cells                                                    ; Off                ; Off                ;
; Remove Duplicate Registers                                                      ; On                 ; On                 ;
; Ignore CARRY Buffers                                                            ; Off                ; Off                ;
; Ignore CASCADE Buffers                                                          ; Off                ; Off                ;
; Ignore GLOBAL Buffers                                                           ; Off                ; Off                ;
; Ignore ROW GLOBAL Buffers                                                       ; Off                ; Off                ;
; Ignore LCELL Buffers                                                            ; Off                ; Off                ;
; Ignore SOFT Buffers                                                             ; On                 ; On                 ;
; Limit AHDL Integers to 32 Bits                                                  ; Off                ; Off                ;
; Optimization Technique                                                          ; Balanced           ; Balanced           ;
; Carry Chain Length                                                              ; 70                 ; 70                 ;
; Auto Carry Chains                                                               ; On                 ; On                 ;
; Auto Open-Drain Pins                                                            ; On                 ; On                 ;
; Perform WYSIWYG Primitive Resynthesis                                           ; Off                ; Off                ;
; Auto ROM Replacement                                                            ; On                 ; On                 ;
; Auto RAM Replacement                                                            ; On                 ; On                 ;
; Auto DSP Block Replacement                                                      ; On                 ; On                 ;
; Auto Shift Register Replacement                                                 ; Auto               ; Auto               ;
; Allow Shift Register Merging across Hierarchies                                 ; Auto               ; Auto               ;
; Auto Clock Enable Replacement                                                   ; On                 ; On                 ;
; Strict RAM Replacement                                                          ; Off                ; Off                ;
; Allow Synchronous Control Signals                                               ; On                 ; On                 ;
; Force Use of Synchronous Clear Signals                                          ; Off                ; Off                ;
; Auto Resource Sharing                                                           ; Off                ; Off                ;
; Allow Any RAM Size For Recognition                                              ; Off                ; Off                ;
; Allow Any ROM Size For Recognition                                              ; Off                ; Off                ;
; Allow Any Shift Register Size For Recognition                                   ; Off                ; Off                ;
; Use LogicLock Constraints during Resource Balancing                             ; On                 ; On                 ;
; Ignore translate_off and synthesis_off directives                               ; Off                ; Off                ;
; Timing-Driven Synthesis                                                         ; On                 ; On                 ;
; Report Parameter Settings                                                       ; On                 ; On                 ;
; Report Source Assignments                                                       ; On                 ; On                 ;
; Report Connectivity Checks                                                      ; On                 ; On                 ;
; Ignore Maximum Fan-Out Assignments                                              ; Off                ; Off                ;
; Synchronization Register Chain Length                                           ; 3                  ; 3                  ;
; Power Optimization During Synthesis                                             ; Normal compilation ; Normal compilation ;
; HDL message level                                                               ; Level2             ; Level2             ;
; Suppress Register Optimization Related Messages                                 ; Off                ; Off                ;
; Number of Removed Registers Reported in Synthesis Report                        ; 5000               ; 5000               ;
; Number of Swept Nodes Reported in Synthesis Report                              ; 5000               ; 5000               ;
; Number of Inverted Registers Reported in Synthesis Report                       ; 100                ; 100                ;
; Clock MUX Protection                                                            ; On                 ; On                 ;
; Auto Gated Clock Conversion                                                     ; Off                ; Off                ;
; Block Design Naming                                                             ; Auto               ; Auto               ;
; SDC constraint protection                                                       ; Off                ; Off                ;
; Synthesis Effort                                                                ; Auto               ; Auto               ;
; Shift Register Replacement - Allow Asynchronous Clear Signal                    ; On                 ; On                 ;
; Pre-Mapping Resynthesis Optimization                                            ; Off                ; Off                ;
; Analysis & Synthesis Message Level                                              ; Medium             ; Medium             ;
; Disable Register Merging Across Hierarchies                                     ; Auto               ; Auto               ;
; Resource Aware Inference For Block RAM                                          ; On                 ; On                 ;
; Automatic Parallel Synthesis                                                    ; On                 ; On                 ;
; Partial Reconfiguration Bitstream ID                                            ; Off                ; Off                ;
+---------------------------------------------------------------------------------+--------------------+--------------------+


+------------------------------------------+
; Parallel Compilation                     ;
+----------------------------+-------------+
; Processors                 ; Number      ;
+----------------------------+-------------+
; Number detected on machine ; 8           ;
; Maximum allowed            ; 4           ;
;                            ;             ;
; Average used               ; 1.00        ;
; Maximum used               ; 4           ;
;                            ;             ;
; Usage by Processor         ; % Time Used ;
;     Processor 1            ; 100.0%      ;
;     Processor 2            ;   0.0%      ;
;     Processor 3            ;   0.0%      ;
;     Processor 4            ;   0.0%      ;
+----------------------------+-------------+


+------------------------------------------------------------------------------------------------------------------------------------------------------------------------------------------------------+
; Analysis & Synthesis Source Files Read                                                                                                                                                               ;
+----------------------------------+-----------------+------------------------------+--------------------------------------------------------------------------------------------------------+---------+
; File Name with User-Entered Path ; Used in Netlist ; File Type                    ; File Name with Absolute Path                                                                           ; Library ;
+----------------------------------+-----------------+------------------------------+--------------------------------------------------------------------------------------------------------+---------+
; vga_sync.vhd                     ; yes             ; User VHDL File               ; /home/muhammad-ahmed-qazi/Documents/GitHub/4-bit-VGA-Controller-on-FPGA/vga_sync.vhd                   ;         ;
; vga_top.vhd                      ; yes             ; User VHDL File               ; /home/muhammad-ahmed-qazi/Documents/GitHub/4-bit-VGA-Controller-on-FPGA/vga_top.vhd                    ;         ;
; vga_frame_buffer.vhd             ; yes             ; User VHDL File               ; /home/muhammad-ahmed-qazi/Documents/GitHub/4-bit-VGA-Controller-on-FPGA/vga_frame_buffer.vhd           ;         ;
; altsyncram.tdf                   ; yes             ; Megafunction                 ; /home/muhammad-ahmed-qazi/intelFPGA_lite/24.1std/quartus/libraries/megafunctions/altsyncram.tdf        ;         ;
; stratix_ram_block.inc            ; yes             ; Megafunction                 ; /home/muhammad-ahmed-qazi/intelFPGA_lite/24.1std/quartus/libraries/megafunctions/stratix_ram_block.inc ;         ;
; lpm_mux.inc                      ; yes             ; Megafunction                 ; /home/muhammad-ahmed-qazi/intelFPGA_lite/24.1std/quartus/libraries/megafunctions/lpm_mux.inc           ;         ;
; lpm_decode.inc                   ; yes             ; Megafunction                 ; /home/muhammad-ahmed-qazi/intelFPGA_lite/24.1std/quartus/libraries/megafunctions/lpm_decode.inc        ;         ;
; aglobal241.inc                   ; yes             ; Megafunction                 ; /home/muhammad-ahmed-qazi/intelFPGA_lite/24.1std/quartus/libraries/megafunctions/aglobal241.inc        ;         ;
; a_rdenreg.inc                    ; yes             ; Megafunction                 ; /home/muhammad-ahmed-qazi/intelFPGA_lite/24.1std/quartus/libraries/megafunctions/a_rdenreg.inc         ;         ;
; altrom.inc                       ; yes             ; Megafunction                 ; /home/muhammad-ahmed-qazi/intelFPGA_lite/24.1std/quartus/libraries/megafunctions/altrom.inc            ;         ;
; altram.inc                       ; yes             ; Megafunction                 ; /home/muhammad-ahmed-qazi/intelFPGA_lite/24.1std/quartus/libraries/megafunctions/altram.inc            ;         ;
; altdpram.inc                     ; yes             ; Megafunction                 ; /home/muhammad-ahmed-qazi/intelFPGA_lite/24.1std/quartus/libraries/megafunctions/altdpram.inc          ;         ;
; db/altsyncram_dcp1.tdf           ; yes             ; Auto-Generated Megafunction  ; /home/muhammad-ahmed-qazi/Documents/GitHub/4-bit-VGA-Controller-on-FPGA/db/altsyncram_dcp1.tdf         ;         ;
; db/decode_8na.tdf                ; yes             ; Auto-Generated Megafunction  ; /home/muhammad-ahmed-qazi/Documents/GitHub/4-bit-VGA-Controller-on-FPGA/db/decode_8na.tdf              ;         ;
; db/mux_ohb.tdf                   ; yes             ; Auto-Generated Megafunction  ; /home/muhammad-ahmed-qazi/Documents/GitHub/4-bit-VGA-Controller-on-FPGA/db/mux_ohb.tdf                 ;         ;
+----------------------------------+-----------------+------------------------------+--------------------------------------------------------------------------------------------------------+---------+


+---------------------------------------------------------+
; Analysis & Synthesis Resource Usage Summary             ;
+---------------------------------------------+-----------+
; Resource                                    ; Usage     ;
+---------------------------------------------+-----------+
; Estimate of Logic utilization (ALMs needed) ; 340       ;
;                                             ;           ;
; Combinational ALUT usage for logic          ; 425       ;
;     -- 7 input functions                    ; 0         ;
;     -- 6 input functions                    ; 253       ;
;     -- 5 input functions                    ; 35        ;
;     -- 4 input functions                    ; 10        ;
;     -- <=3 input functions                  ; 127       ;
;                                             ;           ;
; Dedicated logic registers                   ; 41        ;
;                                             ;           ;
; I/O pins                                    ; 42        ;
; Total MLAB memory bits                      ; 0         ;
; Total block memory bits                     ; 6291456   ;
;                                             ;           ;
; Total DSP Blocks                            ; 0         ;
;                                             ;           ;
; Maximum fan-out node                        ; clk~input ;
; Maximum fan-out                             ; 809       ;
; Total fan-out                               ; 14523     ;
; Average fan-out                             ; 11.02     ;
+---------------------------------------------+-----------+


+------------------------------------------------------------------------------------------------------------------------------------------------------------------------------------------------------------------------------------------------------------------------------------------+
; Analysis & Synthesis Resource Utilization by Entity                                                                                                                                                                                                                                      ;
+-------------------------------------------+---------------------+---------------------------+-------------------+------------+------+--------------+----------------------------------------------------------------------------------------------------+-----------------+--------------+
; Compilation Hierarchy Node                ; Combinational ALUTs ; Dedicated Logic Registers ; Block Memory Bits ; DSP Blocks ; Pins ; Virtual Pins ; Full Hierarchy Name                                                                                ; Entity Name     ; Library Name ;
+-------------------------------------------+---------------------+---------------------------+-------------------+------------+------+--------------+----------------------------------------------------------------------------------------------------+-----------------+--------------+
; |vga_top                                  ; 425 (36)            ; 41 (11)                   ; 6291456           ; 0          ; 42   ; 0            ; |vga_top                                                                                           ; vga_top         ; work         ;
;    |frame_buffer:fb|                      ; 360 (0)             ; 7 (0)                     ; 6291456           ; 0          ; 0    ; 0            ; |vga_top|frame_buffer:fb                                                                           ; frame_buffer    ; work         ;
;       |altsyncram:memory_rtl_0|           ; 360 (0)             ; 7 (0)                     ; 6291456           ; 0          ; 0    ; 0            ; |vga_top|frame_buffer:fb|altsyncram:memory_rtl_0                                                   ; altsyncram      ; work         ;
;          |altsyncram_dcp1:auto_generated| ; 360 (0)             ; 7 (7)                     ; 6291456           ; 0          ; 0    ; 0            ; |vga_top|frame_buffer:fb|altsyncram:memory_rtl_0|altsyncram_dcp1:auto_generated                    ; altsyncram_dcp1 ; work         ;
;             |decode_8na:decode2|          ; 112 (112)           ; 0 (0)                     ; 0                 ; 0          ; 0    ; 0            ; |vga_top|frame_buffer:fb|altsyncram:memory_rtl_0|altsyncram_dcp1:auto_generated|decode_8na:decode2 ; decode_8na      ; work         ;
;             |mux_ohb:mux3|                ; 248 (248)           ; 0 (0)                     ; 0                 ; 0          ; 0    ; 0            ; |vga_top|frame_buffer:fb|altsyncram:memory_rtl_0|altsyncram_dcp1:auto_generated|mux_ohb:mux3       ; mux_ohb         ; work         ;
;    |vga_sync:sync_unit|                   ; 29 (29)             ; 23 (23)                   ; 0                 ; 0          ; 0    ; 0            ; |vga_top|vga_sync:sync_unit                                                                        ; vga_sync        ; work         ;
+-------------------------------------------+---------------------+---------------------------+-------------------+------------+------+--------------+----------------------------------------------------------------------------------------------------+-----------------+--------------+
Note: For table entries with two numbers listed, the numbers in parentheses indicate the number of resources of the given type used by the specific entity alone. The numbers listed outside of parentheses indicate the total resources of the given type used by the specific entity and all of its sub-entities in the hierarchy.


+------------------------------------------------------------------------------------------------------------------------------------------------------------------------------------------+
; Analysis & Synthesis RAM Summary                                                                                                                                                         ;
+-----------------------------------------------------------------------------------+------+------------------+--------------+--------------+--------------+--------------+---------+------+
; Name                                                                              ; Type ; Mode             ; Port A Depth ; Port A Width ; Port B Depth ; Port B Width ; Size    ; MIF  ;
+-----------------------------------------------------------------------------------+------+------------------+--------------+--------------+--------------+--------------+---------+------+
; frame_buffer:fb|altsyncram:memory_rtl_0|altsyncram_dcp1:auto_generated|ALTSYNCRAM ; AUTO ; Simple Dual Port ; 786432       ; 8            ; 786432       ; 8            ; 6291456 ; None ;
+-----------------------------------------------------------------------------------+------+------------------+--------------+--------------+--------------+--------------+---------+------+


+--------------------------------------------------------------------------------+
; Registers Removed During Synthesis                                             ;
+---------------------------------------+----------------------------------------+
; Register name                         ; Reason for Removal                     ;
+---------------------------------------+----------------------------------------+
; read_addr_calc[11..19]                ; Stuck at GND due to stuck port data_in ;
; Total Number of Removed Registers = 9 ;                                        ;
+---------------------------------------+----------------------------------------+


+------------------------------------------------------+
; General Register Statistics                          ;
+----------------------------------------------+-------+
; Statistic                                    ; Value ;
+----------------------------------------------+-------+
; Total registers                              ; 41    ;
; Number of registers using Synchronous Clear  ; 21    ;
; Number of registers using Synchronous Load   ; 0     ;
; Number of registers using Asynchronous Clear ; 23    ;
; Number of registers using Asynchronous Load  ; 0     ;
; Number of registers using Clock Enable       ; 10    ;
; Number of registers using Preset             ; 0     ;
+----------------------------------------------+-------+


+----------------------------------------------------------------------+
; Registers Packed Into Inferred Megafunctions                         ;
+--------------------------------+------------------------------+------+
; Register Name                  ; Megafunction                 ; Type ;
+--------------------------------+------------------------------+------+
; frame_buffer:fb|data_out[0..7] ; frame_buffer:fb|memory_rtl_0 ; RAM  ;
+--------------------------------+------------------------------+------+


+-----------------------------------------------------------------------------------------------+
; Source assignments for frame_buffer:fb|altsyncram:memory_rtl_0|altsyncram_dcp1:auto_generated ;
+---------------------------------+--------------------+------+---------------------------------+
; Assignment                      ; Value              ; From ; To                              ;
+---------------------------------+--------------------+------+---------------------------------+
; OPTIMIZE_POWER_DURING_SYNTHESIS ; NORMAL_COMPILATION ; -    ; -                               ;
+---------------------------------+--------------------+------+---------------------------------+


+--------------------------------------------------------------+
; Parameter Settings for User Entity Instance: frame_buffer:fb ;
+----------------+-------+-------------------------------------+
; Parameter Name ; Value ; Type                                ;
+----------------+-------+-------------------------------------+
; FRAME_WIDTH    ; 1024  ; Signed Integer                      ;
; FRAME_HEIGHT   ; 768   ; Signed Integer                      ;
; PIXEL_BITS     ; 8     ; Signed Integer                      ;
+----------------+-------+-------------------------------------+
Note: In order to hide this table in the UI and the text report file, please set the "Show Parameter Settings in Synthesis Report" option in "Analysis and Synthesis Settings -> More Settings" to "Off".


+------------------------------------------------------------------------------------------+
; Parameter Settings for Inferred Entity Instance: frame_buffer:fb|altsyncram:memory_rtl_0 ;
+------------------------------------+----------------------+------------------------------+
; Parameter Name                     ; Value                ; Type                         ;
+------------------------------------+----------------------+------------------------------+
; BYTE_SIZE_BLOCK                    ; 8                    ; Untyped                      ;
; AUTO_CARRY_CHAINS                  ; ON                   ; AUTO_CARRY                   ;
; IGNORE_CARRY_BUFFERS               ; OFF                  ; IGNORE_CARRY                 ;
; AUTO_CASCADE_CHAINS                ; ON                   ; AUTO_CASCADE                 ;
; IGNORE_CASCADE_BUFFERS             ; OFF                  ; IGNORE_CASCADE               ;
; WIDTH_BYTEENA                      ; 1                    ; Untyped                      ;
; OPERATION_MODE                     ; DUAL_PORT            ; Untyped                      ;
; WIDTH_A                            ; 8                    ; Untyped                      ;
; WIDTHAD_A                          ; 20                   ; Untyped                      ;
; NUMWORDS_A                         ; 786432               ; Untyped                      ;
; OUTDATA_REG_A                      ; UNREGISTERED         ; Untyped                      ;
; ADDRESS_ACLR_A                     ; NONE                 ; Untyped                      ;
; OUTDATA_ACLR_A                     ; NONE                 ; Untyped                      ;
; WRCONTROL_ACLR_A                   ; NONE                 ; Untyped                      ;
; INDATA_ACLR_A                      ; NONE                 ; Untyped                      ;
; BYTEENA_ACLR_A                     ; NONE                 ; Untyped                      ;
; WIDTH_B                            ; 8                    ; Untyped                      ;
; WIDTHAD_B                          ; 20                   ; Untyped                      ;
; NUMWORDS_B                         ; 786432               ; Untyped                      ;
; INDATA_REG_B                       ; CLOCK1               ; Untyped                      ;
; WRCONTROL_WRADDRESS_REG_B          ; CLOCK1               ; Untyped                      ;
; RDCONTROL_REG_B                    ; CLOCK1               ; Untyped                      ;
; ADDRESS_REG_B                      ; CLOCK0               ; Untyped                      ;
; OUTDATA_REG_B                      ; UNREGISTERED         ; Untyped                      ;
; BYTEENA_REG_B                      ; CLOCK1               ; Untyped                      ;
; INDATA_ACLR_B                      ; NONE                 ; Untyped                      ;
; WRCONTROL_ACLR_B                   ; NONE                 ; Untyped                      ;
; ADDRESS_ACLR_B                     ; NONE                 ; Untyped                      ;
; OUTDATA_ACLR_B                     ; NONE                 ; Untyped                      ;
; RDCONTROL_ACLR_B                   ; NONE                 ; Untyped                      ;
; BYTEENA_ACLR_B                     ; NONE                 ; Untyped                      ;
; WIDTH_BYTEENA_A                    ; 1                    ; Untyped                      ;
; WIDTH_BYTEENA_B                    ; 1                    ; Untyped                      ;
; RAM_BLOCK_TYPE                     ; M9K                  ; Untyped                      ;
; BYTE_SIZE                          ; 8                    ; Untyped                      ;
; READ_DURING_WRITE_MODE_MIXED_PORTS ; OLD_DATA             ; Untyped                      ;
; READ_DURING_WRITE_MODE_PORT_A      ; NEW_DATA_NO_NBE_READ ; Untyped                      ;
; READ_DURING_WRITE_MODE_PORT_B      ; NEW_DATA_NO_NBE_READ ; Untyped                      ;
; INIT_FILE                          ; UNUSED               ; Untyped                      ;
; INIT_FILE_LAYOUT                   ; PORT_A               ; Untyped                      ;
; MAXIMUM_DEPTH                      ; 0                    ; Untyped                      ;
; CLOCK_ENABLE_INPUT_A               ; NORMAL               ; Untyped                      ;
; CLOCK_ENABLE_INPUT_B               ; NORMAL               ; Untyped                      ;
; CLOCK_ENABLE_OUTPUT_A              ; NORMAL               ; Untyped                      ;
; CLOCK_ENABLE_OUTPUT_B              ; NORMAL               ; Untyped                      ;
; CLOCK_ENABLE_CORE_A                ; USE_INPUT_CLKEN      ; Untyped                      ;
; CLOCK_ENABLE_CORE_B                ; USE_INPUT_CLKEN      ; Untyped                      ;
; ENABLE_ECC                         ; FALSE                ; Untyped                      ;
; ECC_PIPELINE_STAGE_ENABLED         ; FALSE                ; Untyped                      ;
; WIDTH_ECCSTATUS                    ; 3                    ; Untyped                      ;
; DEVICE_FAMILY                      ; Cyclone V            ; Untyped                      ;
; CBXI_PARAMETER                     ; altsyncram_dcp1      ; Untyped                      ;
+------------------------------------+----------------------+------------------------------+
Note: In order to hide this table in the UI and the text report file, please set the "Show Parameter Settings in Synthesis Report" option in "Analysis and Synthesis Settings -> More Settings" to "Off".


+-------------------------------------------------------------------------------------+
; altsyncram Parameter Settings by Entity Instance                                    ;
+-------------------------------------------+-----------------------------------------+
; Name                                      ; Value                                   ;
+-------------------------------------------+-----------------------------------------+
; Number of entity instances                ; 1                                       ;
; Entity Instance                           ; frame_buffer:fb|altsyncram:memory_rtl_0 ;
;     -- OPERATION_MODE                     ; DUAL_PORT                               ;
;     -- WIDTH_A                            ; 8                                       ;
;     -- NUMWORDS_A                         ; 786432                                  ;
;     -- OUTDATA_REG_A                      ; UNREGISTERED                            ;
;     -- WIDTH_B                            ; 8                                       ;
;     -- NUMWORDS_B                         ; 786432                                  ;
;     -- ADDRESS_REG_B                      ; CLOCK0                                  ;
;     -- OUTDATA_REG_B                      ; UNREGISTERED                            ;
;     -- RAM_BLOCK_TYPE                     ; M9K                                     ;
;     -- READ_DURING_WRITE_MODE_MIXED_PORTS ; OLD_DATA                                ;
+-------------------------------------------+-----------------------------------------+


+-------------------------------------------------------------------------------------------------------------------+
; Port Connectivity Checks: "vga_sync:sync_unit"                                                                    ;
+---------+--------+----------+-------------------------------------------------------------------------------------+
; Port    ; Type   ; Severity ; Details                                                                             ;
+---------+--------+----------+-------------------------------------------------------------------------------------+
; pixel_y ; Output ; Info     ; Connected to dangling logic. Logic that only feeds a dangling port will be removed. ;
+---------+--------+----------+-------------------------------------------------------------------------------------+


+-----------------------------------------------------+
; Post-Synthesis Netlist Statistics for Top Partition ;
+-----------------------+-----------------------------+
; Type                  ; Count                       ;
+-----------------------+-----------------------------+
; arriav_ff             ; 41                          ;
;     CLR               ; 2                           ;
;     CLR SCLR          ; 11                          ;
;     ENA CLR SCLR      ; 10                          ;
;     plain             ; 18                          ;
; arriav_lcell_comb     ; 425                         ;
;     arith             ; 21                          ;
;         1 data inputs ; 21                          ;
;     normal            ; 404                         ;
;         2 data inputs ; 45                          ;
;         3 data inputs ; 61                          ;
;         4 data inputs ; 10                          ;
;         5 data inputs ; 35                          ;
;         6 data inputs ; 253                         ;
; boundary_port         ; 42                          ;
; stratixv_ram_block    ; 768                         ;
;                       ;                             ;
; Max LUT depth         ; 4.00                        ;
; Average LUT depth     ; 3.56                        ;
+-----------------------+-----------------------------+


+-------------------------------+
; Elapsed Time Per Partition    ;
+----------------+--------------+
; Partition Name ; Elapsed Time ;
+----------------+--------------+
; Top            ; 00:00:01     ;
+----------------+--------------+


+-------------------------------+
; Analysis & Synthesis Messages ;
+-------------------------------+
Info: *******************************************************************
Info: Running Quartus Prime Analysis & Synthesis
    Info: Version 24.1std.0 Build 1077 03/04/2025 SC Lite Edition
    Info: Processing started: Sun Apr  6 12:28:52 2025
Info: Command: quartus_map --read_settings_files=on --write_settings_files=off VGA-Controller -c VGA-Controller
Warning (18236): Number of processors has not been specified which may cause overloading on shared machines.  Set the global assignment NUM_PARALLEL_PROCESSORS in your QSF to an appropriate value for best performance.
Info (20030): Parallel compilation is enabled and will use 4 of the 4 processors detected
Info (12021): Found 2 design units, including 1 entities, in source file vga_sync.vhd
    Info (12022): Found design unit 1: vga_sync-arch File: /home/muhammad-ahmed-qazi/Documents/GitHub/4-bit-VGA-Controller-on-FPGA/vga_sync.vhd Line: 17
    Info (12023): Found entity 1: vga_sync File: /home/muhammad-ahmed-qazi/Documents/GitHub/4-bit-VGA-Controller-on-FPGA/vga_sync.vhd Line: 7
Info (12021): Found 2 design units, including 1 entities, in source file vga_top_tb.vhd
    Info (12022): Found design unit 1: vga_top_tb-testbench File: /home/muhammad-ahmed-qazi/Documents/GitHub/4-bit-VGA-Controller-on-FPGA/vga_top_tb.vhd Line: 8
    Info (12023): Found entity 1: vga_top_tb File: /home/muhammad-ahmed-qazi/Documents/GitHub/4-bit-VGA-Controller-on-FPGA/vga_top_tb.vhd Line: 5
Info (12021): Found 2 design units, including 1 entities, in source file vga_top.vhd
    Info (12022): Found design unit 1: vga_top-rtl File: /home/muhammad-ahmed-qazi/Documents/GitHub/4-bit-VGA-Controller-on-FPGA/vga_top.vhd Line: 16
    Info (12023): Found entity 1: vga_top File: /home/muhammad-ahmed-qazi/Documents/GitHub/4-bit-VGA-Controller-on-FPGA/vga_top.vhd Line: 5
Info (12021): Found 2 design units, including 1 entities, in source file vga_frame_buffer.vhd
    Info (12022): Found design unit 1: frame_buffer-rtl File: /home/muhammad-ahmed-qazi/Documents/GitHub/4-bit-VGA-Controller-on-FPGA/vga_frame_buffer.vhd Line: 20
    Info (12023): Found entity 1: frame_buffer File: /home/muhammad-ahmed-qazi/Documents/GitHub/4-bit-VGA-Controller-on-FPGA/vga_frame_buffer.vhd Line: 5
Info (12127): Elaborating entity "vga_top" for the top level hierarchy
Info (12128): Elaborating entity "vga_sync" for hierarchy "vga_sync:sync_unit" File: /home/muhammad-ahmed-qazi/Documents/GitHub/4-bit-VGA-Controller-on-FPGA/vga_top.vhd Line: 31
Info (12128): Elaborating entity "frame_buffer" for hierarchy "frame_buffer:fb" File: /home/muhammad-ahmed-qazi/Documents/GitHub/4-bit-VGA-Controller-on-FPGA/vga_top.vhd Line: 63
Info (19000): Inferred 1 megafunctions from design logic
    Info (276029): Inferred altsyncram megafunction from the following design logic: "frame_buffer:fb|memory_rtl_0" 
        Info (286033): Parameter OPERATION_MODE set to DUAL_PORT
        Info (286033): Parameter WIDTH_A set to 8
        Info (286033): Parameter WIDTHAD_A set to 20
        Info (286033): Parameter NUMWORDS_A set to 786432
        Info (286033): Parameter WIDTH_B set to 8
        Info (286033): Parameter WIDTHAD_B set to 20
        Info (286033): Parameter NUMWORDS_B set to 786432
        Info (286033): Parameter ADDRESS_ACLR_A set to NONE
        Info (286033): Parameter OUTDATA_REG_B set to UNREGISTERED
        Info (286033): Parameter ADDRESS_ACLR_B set to NONE
        Info (286033): Parameter OUTDATA_ACLR_B set to NONE
        Info (286033): Parameter ADDRESS_REG_B set to CLOCK0
        Info (286033): Parameter INDATA_ACLR_A set to NONE
        Info (286033): Parameter WRCONTROL_ACLR_A set to NONE
        Info (286033): Parameter RAM_BLOCK_TYPE set to M9K
        Info (286033): Parameter READ_DURING_WRITE_MODE_MIXED_PORTS set to OLD_DATA
Info (12130): Elaborated megafunction instantiation "frame_buffer:fb|altsyncram:memory_rtl_0"
Info (12133): Instantiated megafunction "frame_buffer:fb|altsyncram:memory_rtl_0" with the following parameter:
    Info (12134): Parameter "OPERATION_MODE" = "DUAL_PORT"
    Info (12134): Parameter "WIDTH_A" = "8"
    Info (12134): Parameter "WIDTHAD_A" = "20"
    Info (12134): Parameter "NUMWORDS_A" = "786432"
    Info (12134): Parameter "WIDTH_B" = "8"
    Info (12134): Parameter "WIDTHAD_B" = "20"
    Info (12134): Parameter "NUMWORDS_B" = "786432"
    Info (12134): Parameter "ADDRESS_ACLR_A" = "NONE"
    Info (12134): Parameter "OUTDATA_REG_B" = "UNREGISTERED"
    Info (12134): Parameter "ADDRESS_ACLR_B" = "NONE"
    Info (12134): Parameter "OUTDATA_ACLR_B" = "NONE"
    Info (12134): Parameter "ADDRESS_REG_B" = "CLOCK0"
    Info (12134): Parameter "INDATA_ACLR_A" = "NONE"
    Info (12134): Parameter "WRCONTROL_ACLR_A" = "NONE"
    Info (12134): Parameter "RAM_BLOCK_TYPE" = "M9K"
    Info (12134): Parameter "READ_DURING_WRITE_MODE_MIXED_PORTS" = "OLD_DATA"
Warning (287001): Assertion warning: Device family Cyclone V does not have M9K blocks -- using available memory blocks File: /home/muhammad-ahmed-qazi/Documents/GitHub/4-bit-VGA-Controller-on-FPGA/db/altsyncram_dcp1.tdf Line: 22337
Info (12021): Found 1 design units, including 1 entities, in source file db/altsyncram_dcp1.tdf
    Info (12023): Found entity 1: altsyncram_dcp1 File: /home/muhammad-ahmed-qazi/Documents/GitHub/4-bit-VGA-Controller-on-FPGA/db/altsyncram_dcp1.tdf Line: 32
Info (12021): Found 1 design units, including 1 entities, in source file db/decode_8na.tdf
    Info (12023): Found entity 1: decode_8na File: /home/muhammad-ahmed-qazi/Documents/GitHub/4-bit-VGA-Controller-on-FPGA/db/decode_8na.tdf Line: 23
Info (12021): Found 1 design units, including 1 entities, in source file db/mux_ohb.tdf
    Info (12023): Found entity 1: mux_ohb File: /home/muhammad-ahmed-qazi/Documents/GitHub/4-bit-VGA-Controller-on-FPGA/db/mux_ohb.tdf Line: 23
Info (286030): Timing-Driven Synthesis is running
Info (16010): Generating hard_block partition "hard_block:auto_generated_inst"
    Info (16011): Adding 0 node(s), including 0 DDIO, 0 PLL, 0 transceiver and 0 LCELL
Info (21057): Implemented 1253 device resources after synthesis - the final resource count might be different
    Info (21058): Implemented 31 input pins
    Info (21059): Implemented 11 output pins
    Info (21061): Implemented 443 logic cells
    Info (21064): Implemented 768 RAM segments
Info: Quartus Prime Analysis & Synthesis was successful. 0 errors, 2 warnings
    Info: Peak virtual memory: 538 megabytes
    Info: Processing ended: Sun Apr  6 12:29:00 2025
    Info: Elapsed time: 00:00:08
    Info: Total CPU time (on all processors): 00:00:18


